2026-03-07 15:57:09 | INFO     | GatewayMapper | GatewayMapper 启动中...
2026-03-07 15:57:10 | INFO     | GatewayMapper | 使用默认配置
2026-03-07 15:57:10 | INFO     | GatewayMapper | 系统托盘已启动
2026-03-07 15:57:40 | INFO     | GatewayMapper | 系统托盘已停止
2026-03-07 15:57:40 | INFO     | GatewayMapper | GatewayMapper 已退出
2026-03-07 16:16:37 | INFO     | GatewayMapper | GatewayMapper 启动中...
2026-03-07 16:16:37 | INFO     | GatewayMapper | 使用默认配置
2026-03-07 16:16:37 | INFO     | GatewayMapper | 系统托盘已启动
2026-03-07 16:41:13 | INFO     | GatewayMapper | 系统托盘已停止
2026-03-07 16:41:13 | INFO     | GatewayMapper | GatewayMapper 已退出
2026-03-07 16:41:33 | INFO     | GatewayMapper | GatewayMapper 启动中...
2026-03-07 16:41:33 | INFO     | GatewayMapper | 使用默认配置
2026-03-07 16:41:33 | INFO     | GatewayMapper | 系统托盘已启动
2026-03-07 16:42:45 | INFO     | GatewayMapper | 系统托盘已停止
2026-03-07 16:42:45 | INFO     | GatewayMapper | GatewayMapper 已退出
2026-03-07 16:55:18 | WARNING  | GatewayMapper | 使用特权端口 22，可能需要管理员权限
2026-03-07 16:55:18 | WARNING  | GatewayMapper | 使用特权端口 80，可能需要管理员权限
2026-03-07 16:55:18 | INFO     | GatewayMapper | 已生成新的加密密钥
2026-03-07 16:55:34 | WARNING  | GatewayMapper | 使用特权端口 22，可能需要管理员权限
2026-03-07 16:55:34 | WARNING  | GatewayMapper | 使用特权端口 80，可能需要管理员权限
2026-03-07 16:55:34 | DEBUG    | GatewayMapper | 已加载现有加密密钥
2026-03-07 16:58:10 | INFO     | GatewayMapper | 使用默认配置
2026-03-07 17:04:02 | INFO     | GatewayMapper | GatewayMapper 启动中...
2026-03-07 17:04:02 | INFO     | GatewayMapper | 使用默认配置
2026-03-07 17:04:02 | INFO     | GatewayMapper | 系统托盘已启动
2026-03-07 17:06:00 | WARNING  | GatewayMapper | 使用特权端口 22，可能需要管理员权限
2026-03-07 17:06:00 | WARNING  | GatewayMapper | 使用特权端口 80，可能需要管理员权限
2026-03-07 17:06:00 | DEBUG    | GatewayMapper | 已加载现有加密密钥
2026-03-07 17:06:00 | INFO     | GatewayMapper | 使用默认配置
2026-03-07 17:06:00 | INFO     | GatewayMapper | 使用默认配置
2026-03-07 17:06:00 | DEBUG    | GatewayMapper | 配置已保存
2026-03-07 17:06:00 | INFO     | GatewayMapper | 已添加预设: 测试服务器
2026-03-07 17:06:00 | INFO     | GatewayMapper | 使用默认配置
2026-03-07 17:06:00 | DEBUG    | GatewayMapper | 配置已保存
2026-03-07 17:06:00 | INFO     | GatewayMapper | 已添加预设: 测试服务器
2026-03-07 17:06:00 | DEBUG    | GatewayMapper | 配置已保存
2026-03-07 17:06:00 | INFO     | GatewayMapper | 已删除预设: 测试服务器
2026-03-07 17:06:00 | INFO     | GatewayMapper | 使用默认配置
2026-03-07 17:06:00 | DEBUG    | GatewayMapper | 配置已保存
2026-03-07 17:06:00 | DEBUG    | GatewayMapper | 配置已保存
2026-03-07 17:06:00 | WARNING  | GatewayMapper | 使用特权端口 22，可能需要管理员权限
2026-03-07 17:06:00 | WARNING  | GatewayMapper | 使用特权端口 80，可能需要管理员权限
2026-03-07 17:06:00 | WARNING  | GatewayMapper | 使用特权端口 443，可能需要管理员权限
2026-03-07 17:08:09 | INFO     | GatewayMapper | 系统托盘已停止
2026-03-07 17:08:10 | INFO     | GatewayMapper | GatewayMapper 已退出
2026-03-07 17:10:52 | INFO     | GatewayMapper | GatewayMapper 启动中...
2026-03-07 17:10:52 | INFO     | GatewayMapper | 使用默认配置
2026-03-07 17:10:52 | INFO     | GatewayMapper | 系统托盘已启动
2026-03-07 17:30:16 | WARNING  | GatewayMapper | 使用特权端口 22，可能需要管理员权限
2026-03-07 17:30:16 | WARNING  | GatewayMapper | 使用特权端口 80，可能需要管理员权限
2026-03-07 17:30:16 | DEBUG    | GatewayMapper | 已加载现有加密密钥
2026-03-07 17:30:16 | INFO     | GatewayMapper | 使用默认配置
2026-03-07 17:30:16 | INFO     | GatewayMapper | 使用默认配置
2026-03-07 17:30:16 | DEBUG    | GatewayMapper | 配置已保存
2026-03-07 17:30:16 | INFO     | GatewayMapper | 已添加预设: 测试服务器
2026-03-07 17:30:16 | INFO     | GatewayMapper | 使用默认配置
2026-03-07 17:30:16 | DEBUG    | GatewayMapper | 配置已保存
2026-03-07 17:30:16 | INFO     | GatewayMapper | 已添加预设: 测试服务器
2026-03-07 17:30:16 | DEBUG    | GatewayMapper | 配置已保存
2026-03-07 17:30:16 | INFO     | GatewayMapper | 已删除预设: 测试服务器
2026-03-07 17:30:16 | INFO     | GatewayMapper | 使用默认配置
2026-03-07 17:30:16 | DEBUG    | GatewayMapper | 配置已保存
2026-03-07 17:30:16 | DEBUG    | GatewayMapper | 配置已保存
2026-03-07 17:30:16 | WARNING  | GatewayMapper | 使用特权端口 22，可能需要管理员权限
2026-03-07 17:30:16 | WARNING  | GatewayMapper | 使用特权端口 80，可能需要管理员权限
2026-03-07 17:30:16 | WARNING  | GatewayMapper | 使用特权端口 443，可能需要管理员权限
2026-03-07 17:37:54 | WARNING  | GatewayMapper | 使用特权端口 22，可能需要管理员权限
2026-03-07 17:37:54 | WARNING  | GatewayMapper | 使用特权端口 80，可能需要管理员权限
2026-03-07 17:37:54 | DEBUG    | GatewayMapper | 已加载现有加密密钥
2026-03-07 17:37:54 | INFO     | GatewayMapper | 使用默认配置
2026-03-07 17:37:54 | INFO     | GatewayMapper | 使用默认配置
2026-03-07 17:37:54 | DEBUG    | GatewayMapper | 配置已保存
2026-03-07 17:37:54 | INFO     | GatewayMapper | 已添加预设: 测试服务器
2026-03-07 17:37:54 | INFO     | GatewayMapper | 使用默认配置
2026-03-07 17:37:54 | DEBUG    | GatewayMapper | 配置已保存
2026-03-07 17:37:54 | INFO     | GatewayMapper | 已添加预设: 测试服务器
2026-03-07 17:37:54 | DEBUG    | GatewayMapper | 配置已保存
2026-03-07 17:37:54 | INFO     | GatewayMapper | 已删除预设: 测试服务器
2026-03-07 17:37:54 | INFO     | GatewayMapper | 使用默认配置
2026-03-07 17:37:54 | DEBUG    | GatewayMapper | 配置已保存
2026-03-07 17:37:54 | DEBUG    | GatewayMapper | 配置已保存
2026-03-07 17:37:54 | WARNING  | GatewayMapper | 使用特权端口 22，可能需要管理员权限
2026-03-07 17:37:54 | WARNING  | GatewayMapper | 使用特权端口 80，可能需要管理员权限
2026-03-07 17:37:54 | WARNING  | GatewayMapper | 使用特权端口 443，可能需要管理员权限
2026-03-07 17:38:18 | WARNING  | GatewayMapper | 使用特权端口 22，可能需要管理员权限
2026-03-07 17:38:18 | WARNING  | GatewayMapper | 使用特权端口 80，可能需要管理员权限
2026-03-07 17:38:18 | DEBUG    | GatewayMapper | 已加载现有加密密钥
2026-03-07 17:38:18 | INFO     | GatewayMapper | 使用默认配置
2026-03-07 17:38:18 | INFO     | GatewayMapper | 使用默认配置
2026-03-07 17:38:18 | DEBUG    | GatewayMapper | 配置已保存
2026-03-07 17:38:18 | INFO     | GatewayMapper | 已添加预设: 测试服务器
2026-03-07 17:38:18 | INFO     | GatewayMapper | 使用默认配置
2026-03-07 17:38:18 | DEBUG    | GatewayMapper | 配置已保存
2026-03-07 17:38:18 | INFO     | GatewayMapper | 已添加预设: 测试服务器
2026-03-07 17:38:18 | DEBUG    | GatewayMapper | 配置已保存
2026-03-07 17:38:18 | INFO     | GatewayMapper | 已删除预设: 测试服务器
2026-03-07 17:38:18 | INFO     | GatewayMapper | 使用默认配置
2026-03-07 17:38:18 | DEBUG    | GatewayMapper | 配置已保存
2026-03-07 17:38:18 | DEBUG    | GatewayMapper | 配置已保存
2026-03-07 17:38:18 | WARNING  | GatewayMapper | 使用特权端口 22，可能需要管理员权限
2026-03-07 17:38:18 | WARNING  | GatewayMapper | 使用特权端口 80，可能需要管理员权限
2026-03-07 17:38:18 | WARNING  | GatewayMapper | 使用特权端口 443，可能需要管理员权限
2026-03-07 17:40:48 | WARNING  | GatewayMapper | 使用特权端口 22，可能需要管理员权限
2026-03-07 17:40:48 | WARNING  | GatewayMapper | 使用特权端口 80，可能需要管理员权限
2026-03-07 17:40:48 | DEBUG    | GatewayMapper | 已加载现有加密密钥
2026-03-07 17:40:48 | INFO     | GatewayMapper | 使用默认配置
2026-03-07 17:40:48 | INFO     | GatewayMapper | 使用默认配置
2026-03-07 17:40:48 | DEBUG    | GatewayMapper | 配置已保存
2026-03-07 17:40:48 | INFO     | GatewayMapper | 已添加预设: 测试服务器
2026-03-07 17:40:48 | INFO     | GatewayMapper | 使用默认配置
2026-03-07 17:40:48 | DEBUG    | GatewayMapper | 配置已保存
2026-03-07 17:40:48 | INFO     | GatewayMapper | 已添加预设: 测试服务器
2026-03-07 17:40:48 | DEBUG    | GatewayMapper | 配置已保存
2026-03-07 17:40:48 | INFO     | GatewayMapper | 已删除预设: 测试服务器
2026-03-07 17:40:48 | INFO     | GatewayMapper | 使用默认配置
2026-03-07 17:40:48 | DEBUG    | GatewayMapper | 配置已保存
2026-03-07 17:40:48 | DEBUG    | GatewayMapper | 配置已保存
2026-03-07 17:40:48 | WARNING  | GatewayMapper | 使用特权端口 22，可能需要管理员权限
2026-03-07 17:40:48 | WARNING  | GatewayMapper | 使用特权端口 80，可能需要管理员权限
2026-03-07 17:40:48 | WARNING  | GatewayMapper | 使用特权端口 443，可能需要管理员权限
2026-03-07 17:44:36 | INFO     | GatewayMapper | GatewayMapper 启动中...
2026-03-07 17:44:36 | INFO     | GatewayMapper | 使用默认配置
2026-03-07 17:44:36 | INFO     | GatewayMapper | 系统托盘已启动
2026-03-07 17:45:15 | WARNING  | GatewayMapper | 使用特权端口 22，可能需要管理员权限
2026-03-07 17:45:15 | DEBUG    | GatewayMapper | 已加载现有加密密钥
2026-03-07 17:45:15 | DEBUG    | GatewayMapper | 配置已保存
2026-03-07 17:45:15 | INFO     | GatewayMapper | 已添加预设: OpenClaw
2026-03-07 17:45:15 | INFO     | GatewayMapper | 已保存预设: OpenClaw
2026-03-07 17:45:19 | WARNING  | GatewayMapper | 使用特权端口 22，可能需要管理员权限
2026-03-07 17:45:19 | INFO     | GatewayMapper | 使用密码认证连接 122.51.4.170
2026-03-07 17:45:20 | ERROR    | GatewayMapper | 认证失败：用户名或密码错误
2026-03-07 17:45:35 | WARNING  | GatewayMapper | 使用特权端口 22，可能需要管理员权限
2026-03-07 17:45:35 | INFO     | GatewayMapper | SSH 连接已断开
2026-03-07 17:45:35 | INFO     | GatewayMapper | 使用密码认证连接 122.51.4.170
2026-03-07 17:45:35 | INFO     | GatewayMapper | SSH 连接成功: root@122.51.4.170:22
2026-03-07 17:45:35 | INFO     | GatewayMapper | 端口转发已启动: 127.0.0.1:18789 -> 127.0.0.1:18789
2026-03-07 17:45:35 | INFO     | GatewayMapper | 连接成功: 122.51.4.170
2026-03-07 17:45:35 | INFO     | GatewayMapper | 已打开浏览器: http://localhost:18789
2026-03-07 17:45:35 | DEBUG    | GatewayMapper | 接受新连接: ('127.0.0.1', 11136)
2026-03-07 17:45:35 | DEBUG    | GatewayMapper | 接受新连接: ('127.0.0.1', 11138)
2026-03-07 17:45:35 | DEBUG    | GatewayMapper | 接受新连接: ('127.0.0.1', 11278)
2026-03-07 17:45:35 | DEBUG    | GatewayMapper | 接受新连接: ('127.0.0.1', 11279)
2026-03-07 17:45:37 | DEBUG    | GatewayMapper | 接受新连接: ('127.0.0.1', 11283)
2026-03-07 17:45:37 | DEBUG    | GatewayMapper | 接受新连接: ('127.0.0.1', 11329)
2026-03-07 17:45:40 | WARNING  | GatewayMapper | 使用特权端口 22，可能需要管理员权限
2026-03-07 17:45:41 | DEBUG    | GatewayMapper | 配置已保存
2026-03-07 17:45:41 | INFO     | GatewayMapper | 已更新预设: OpenClaw
2026-03-07 17:45:41 | INFO     | GatewayMapper | 已保存预设: OpenClaw
2026-03-07 17:46:01 | INFO     | GatewayMapper | 正在停止端口转发...
2026-03-07 17:46:01 | DEBUG    | GatewayMapper | 接受新连接: ('127.0.0.1', 3949)
2026-03-07 17:46:01 | INFO     | GatewayMapper | 端口转发已停止
2026-03-07 17:46:01 | INFO     | GatewayMapper | SSH 连接已断开
2026-03-07 17:46:01 | INFO     | GatewayMapper | 已断开连接
2026-03-07 17:46:14 | INFO     | GatewayMapper | 系统托盘已停止
2026-03-07 17:46:14 | INFO     | GatewayMapper | GatewayMapper 已退出
2026-03-07 17:46:19 | INFO     | GatewayMapper | GatewayMapper 启动中...
2026-03-07 17:46:19 | INFO     | GatewayMapper | 已加载配置文件: D:\GatewayMapper\config.json
2026-03-07 17:46:19 | INFO     | GatewayMapper | 系统托盘已启动
2026-03-07 17:47:17 | INFO     | GatewayMapper | GatewayMapper 启动中...
2026-03-07 17:47:17 | INFO     | GatewayMapper | 已加载配置文件: D:\GatewayMapper\config.json
2026-03-07 17:47:17 | INFO     | GatewayMapper | 系统托盘已启动
2026-03-07 17:47:26 | INFO     | GatewayMapper | GatewayMapper 启动中...
2026-03-07 17:47:26 | INFO     | GatewayMapper | 已加载配置文件: D:\GatewayMapper\config.json
2026-03-07 17:47:26 | INFO     | GatewayMapper | 系统托盘已启动
2026-03-07 17:48:22 | INFO     | GatewayMapper | GatewayMapper 启动中...
2026-03-07 17:48:22 | INFO     | GatewayMapper | 已加载配置文件: D:\GatewayMapper\config.json
2026-03-07 17:48:22 | INFO     | GatewayMapper | 系统托盘已启动
2026-03-07 17:49:33 | INFO     | GatewayMapper | 系统托盘已停止
2026-03-07 17:49:33 | INFO     | GatewayMapper | GatewayMapper 已退出
2026-03-07 17:52:38 | INFO     | GatewayMapper | GatewayMapper 启动中...
2026-03-07 17:52:38 | INFO     | GatewayMapper | 已加载配置文件: D:\GatewayMapper\config.json
2026-03-07 17:52:39 | INFO     | GatewayMapper | 系统托盘已启动
2026-03-07 17:55:29 | INFO     | GatewayMapper | GatewayMapper 启动中...
2026-03-07 17:55:29 | INFO     | GatewayMapper | 已加载配置文件: D:\GatewayMapper\config.json
2026-03-07 17:55:29 | INFO     | GatewayMapper | 系统托盘已启动
2026-03-07 17:56:37 | DEBUG    | GatewayMapper | 已加载现有加密密钥
2026-03-07 17:56:37 | DEBUG    | GatewayMapper | 配置已保存
2026-03-07 17:56:37 | INFO     | GatewayMapper | 已选择预设: OpenClaw
2026-03-07 17:56:40 | WARNING  | GatewayMapper | 使用特权端口 22，可能需要管理员权限
2026-03-07 17:56:40 | INFO     | GatewayMapper | 使用密码认证连接 122.51.4.170
2026-03-07 17:56:40 | INFO     | GatewayMapper | SSH 连接成功: root@122.51.4.170:22
2026-03-07 17:56:40 | INFO     | GatewayMapper | 端口转发已启动: 127.0.0.1:18789 -> 127.0.0.1:18789
2026-03-07 17:56:40 | INFO     | GatewayMapper | 连接成功: 122.51.4.170
2026-03-07 17:56:44 | DEBUG    | GatewayMapper | 接受新连接: ('127.0.0.1', 14258)
2026-03-07 17:56:45 | DEBUG    | GatewayMapper | 接受新连接: ('127.0.0.1', 14260)
2026-03-07 17:56:52 | DEBUG    | GatewayMapper | 接受新连接: ('127.0.0.1', 14282)
2026-03-07 17:56:52 | DEBUG    | GatewayMapper | 接受新连接: ('127.0.0.1', 14284)
2026-03-07 17:56:53 | DEBUG    | GatewayMapper | 接受新连接: ('127.0.0.1', 14297)
2026-03-07 17:56:53 | DEBUG    | GatewayMapper | 接受新连接: ('127.0.0.1', 14298)
2026-03-07 17:56:54 | DEBUG    | GatewayMapper | 接受新连接: ('127.0.0.1', 14301)
2026-03-07 17:56:54 | DEBUG    | GatewayMapper | 接受新连接: ('127.0.0.1', 14305)
2026-03-07 17:57:00 | INFO     | GatewayMapper | 正在停止端口转发...
2026-03-07 17:57:00 | DEBUG    | GatewayMapper | 接受新连接: ('127.0.0.1', 14308)
2026-03-07 17:57:00 | INFO     | GatewayMapper | 端口转发已停止
2026-03-07 17:57:00 | INFO     | GatewayMapper | SSH 连接已断开
2026-03-07 17:57:00 | INFO     | GatewayMapper | 已断开连接
2026-03-07 17:57:03 | WARNING  | GatewayMapper | 使用特权端口 22，可能需要管理员权限
2026-03-07 17:57:03 | INFO     | GatewayMapper | 使用密码认证连接 122.51.4.170
2026-03-07 17:57:03 | INFO     | GatewayMapper | SSH 连接成功: root@122.51.4.170:22
2026-03-07 17:57:03 | INFO     | GatewayMapper | 端口转发已启动: 127.0.0.1:18789 -> 127.0.0.1:18789
2026-03-07 17:57:03 | INFO     | GatewayMapper | 连接成功: 122.51.4.170
2026-03-07 17:57:03 | DEBUG    | GatewayMapper | 接受新连接: ('127.0.0.1', 14310)
2026-03-07 17:57:03 | DEBUG    | GatewayMapper | 接受新连接: ('127.0.0.1', 14313)
2026-03-07 17:57:03 | DEBUG    | GatewayMapper | 接受新连接: ('127.0.0.1', 14315)
2026-03-07 17:57:03 | DEBUG    | GatewayMapper | 接受新连接: ('127.0.0.1', 14317)
2026-03-07 17:57:08 | WARNING  | GatewayMapper | 使用特权端口 22，可能需要管理员权限
2026-03-07 17:57:09 | INFO     | GatewayMapper | 已打开浏览器: http://localhost:18789
2026-03-07 17:57:09 | DEBUG    | GatewayMapper | 接受新连接: ('127.0.0.1', 14338)
2026-03-07 17:57:09 | DEBUG    | GatewayMapper | 接受新连接: ('127.0.0.1', 14339)
2026-03-07 17:57:11 | DEBUG    | GatewayMapper | 接受新连接: ('127.0.0.1', 14353)
2026-03-07 17:57:15 | INFO     | GatewayMapper | 正在停止端口转发...
2026-03-07 17:57:15 | DEBUG    | GatewayMapper | 接受新连接: ('127.0.0.1', 14375)
2026-03-07 17:57:15 | INFO     | GatewayMapper | 端口转发已停止
2026-03-07 17:57:15 | INFO     | GatewayMapper | SSH 连接已断开
2026-03-07 17:57:15 | INFO     | GatewayMapper | 已断开连接
2026-03-07 17:57:19 | INFO     | GatewayMapper | 系统托盘已停止
2026-03-07 17:57:19 | INFO     | GatewayMapper | GatewayMapper 已退出
2026-03-07 17:57:20 | INFO     | GatewayMapper | 系统托盘已停止
2026-03-07 17:57:20 | INFO     | GatewayMapper | GatewayMapper 已退出
